\BOOKMARK [1][-]{section.1}{Abstract}{}% 1
\BOOKMARK [1][-]{section.2}{Acknowledgements}{}% 2
\BOOKMARK [1][-]{section.3}{Introduction}{}% 3
\BOOKMARK [2][-]{subsection.3.1}{Role-Playing Games}{section.3}% 4
\BOOKMARK [2][-]{subsection.3.2}{Problem Statement}{section.3}% 5
\BOOKMARK [2][-]{subsection.3.3}{Motivation}{section.3}% 6
\BOOKMARK [2][-]{subsection.3.4}{Objectives}{section.3}% 7
\BOOKMARK [1][-]{section.4}{Background}{}% 8
\BOOKMARK [2][-]{subsection.4.1}{Voice Recognition in Games}{section.4}% 9
\BOOKMARK [3][-]{subsubsection.4.1.1}{In Verbis Virtus}{subsection.4.1}% 10
\BOOKMARK [3][-]{subsubsection.4.1.2}{Skyrim with Kinect}{subsection.4.1}% 11
\BOOKMARK [3][-]{subsubsection.4.1.3}{Star Trek: Bridge Crew}{subsection.4.1}% 12
\BOOKMARK [3][-]{subsubsection.4.1.4}{Classic Zork on Alexa}{subsection.4.1}% 13
\BOOKMARK [2][-]{subsection.4.2}{Limitations of Zork}{section.4}% 14
\BOOKMARK [2][-]{subsection.4.3}{Voice Recognition Implementations}{section.4}% 15
\BOOKMARK [3][-]{subsubsection.4.3.1}{Tazti - Speech Recognition for PC Games}{subsection.4.3}% 16
\BOOKMARK [3][-]{subsubsection.4.3.2}{PocketSphinx for Unreal Engine 4}{subsection.4.3}% 17
\BOOKMARK [3][-]{subsubsection.4.3.3}{Houndify}{subsection.4.3}% 18
\BOOKMARK [3][-]{subsubsection.4.3.4}{Watson Conversation Engine}{subsection.4.3}% 19
\BOOKMARK [2][-]{subsection.4.4}{Natural Language Processing}{section.4}% 20
\BOOKMARK [3][-]{subsubsection.4.4.1}{Stages of Natural Language Processing}{subsection.4.4}% 21
\BOOKMARK [3][-]{subsubsection.4.4.2}{Part-of-Speech Tagging}{subsection.4.4}% 22
\BOOKMARK [3][-]{subsubsection.4.4.3}{Slot Filling}{subsection.4.4}% 23
\BOOKMARK [3][-]{subsubsection.4.4.4}{Synonyms and Hypernyms}{subsection.4.4}% 24
\BOOKMARK [3][-]{subsubsection.4.4.5}{Semantic Similarity}{subsection.4.4}% 25
\BOOKMARK [2][-]{subsection.4.5}{WordNet}{section.4}% 26
\BOOKMARK [2][-]{subsection.4.6}{Generating Objects from Descriptions}{section.4}% 27
\BOOKMARK [2][-]{subsection.4.7}{Generating Descriptions from Objects}{section.4}% 28
\BOOKMARK [2][-]{subsection.4.8}{Object Properties}{section.4}% 29
\BOOKMARK [1][-]{section.5}{Design}{}% 30
\BOOKMARK [2][-]{subsection.5.1}{Target Platform}{section.5}% 31
\BOOKMARK [2][-]{subsection.5.2}{Java Programming Language}{section.5}% 32
\BOOKMARK [2][-]{subsection.5.3}{System Overview}{section.5}% 33
\BOOKMARK [3][-]{subsubsection.5.3.1}{Speech-to-Text}{subsection.5.3}% 34
\BOOKMARK [3][-]{subsubsection.5.3.2}{POS Tagging}{subsection.5.3}% 35
\BOOKMARK [3][-]{subsubsection.5.3.3}{Slot-filling Matching}{subsection.5.3}% 36
\BOOKMARK [3][-]{subsubsection.5.3.4}{Semantic Similarity}{subsection.5.3}% 37
\BOOKMARK [3][-]{subsubsection.5.3.5}{Context-Action Mapping}{subsection.5.3}% 38
\BOOKMARK [3][-]{subsubsection.5.3.6}{Intent Execution}{subsection.5.3}% 39
\BOOKMARK [2][-]{subsection.5.4}{System UML Class Diagram}{section.5}% 40
\BOOKMARK [3][-]{subsubsection.5.4.1}{MainActivity Class}{subsection.5.4}% 41
\BOOKMARK [3][-]{subsubsection.5.4.2}{VoiceControl Class}{subsection.5.4}% 42
\BOOKMARK [3][-]{subsubsection.5.4.3}{VoiceProcess Class}{subsection.5.4}% 43
\BOOKMARK [3][-]{subsubsection.5.4.4}{GlobalState Class}{subsection.5.4}% 44
\BOOKMARK [3][-]{subsubsection.5.4.5}{ContextActionMap Class}{subsection.5.4}% 45
\BOOKMARK [3][-]{subsubsection.5.4.6}{SemanticSimilarity Class}{subsection.5.4}% 46
\BOOKMARK [2][-]{subsection.5.5}{System Features}{section.5}% 47
\BOOKMARK [3][-]{subsubsection.5.5.1}{Synonym Mapping}{subsection.5.5}% 48
\BOOKMARK [3][-]{subsubsection.5.5.2}{Ignoring Incorrect Matches}{subsection.5.5}% 49
\BOOKMARK [3][-]{subsubsection.5.5.3}{Confirmation and Suggestions}{subsection.5.5}% 50
\BOOKMARK [3][-]{subsubsection.5.5.4}{Multiple Commands}{subsection.5.5}% 51
\BOOKMARK [3][-]{subsubsection.5.5.5}{Multiple Targets}{subsection.5.5}% 52
\BOOKMARK [3][-]{subsubsection.5.5.6}{Sentence Mapping}{subsection.5.5}% 53
\BOOKMARK [2][-]{subsection.5.6}{Game Design Overview}{section.5}% 54
\BOOKMARK [3][-]{subsubsection.5.6.1}{Game Flow}{subsection.5.6}% 55
\BOOKMARK [2][-]{subsection.5.7}{Game Design UML Class Diagram}{section.5}% 56
\BOOKMARK [2][-]{subsection.5.8}{Room Generation}{section.5}% 57
\BOOKMARK [1][-]{section.6}{Implementation}{}% 58
\BOOKMARK [2][-]{subsection.6.1}{System Architecture}{section.6}% 59
\BOOKMARK [2][-]{subsection.6.2}{Voice Recognition Interface}{section.6}% 60
\BOOKMARK [2][-]{subsection.6.3}{Graphical User Interface}{section.6}% 61
\BOOKMARK [2][-]{subsection.6.4}{User Flow Diagram}{section.6}% 62
\BOOKMARK [2][-]{subsection.6.5}{Voice Recognition System Implementation}{section.6}% 63
\BOOKMARK [3][-]{subsubsection.6.5.1}{Data Flow Diagram}{subsection.6.5}% 64
\BOOKMARK [3][-]{subsubsection.6.5.2}{GlobalState}{subsection.6.5}% 65
\BOOKMARK [3][-]{subsubsection.6.5.3}{VoiceProcess}{subsection.6.5}% 66
\BOOKMARK [3][-]{subsubsection.6.5.4}{AmbiguousHandler}{subsection.6.5}% 67
\BOOKMARK [3][-]{subsubsection.6.5.5}{SemanticSimilarity}{subsection.6.5}% 68
\BOOKMARK [3][-]{subsubsection.6.5.6}{CustomLexicalDatabase}{subsection.6.5}% 69
\BOOKMARK [3][-]{subsubsection.6.5.7}{ContextActionMap}{subsection.6.5}% 70
\BOOKMARK [3][-]{subsubsection.6.5.8}{Entity}{subsection.6.5}% 71
\BOOKMARK [3][-]{subsubsection.6.5.9}{Action}{subsection.6.5}% 72
\BOOKMARK [3][-]{subsubsection.6.5.10}{MultipleCommandProcess}{subsection.6.5}% 73
\BOOKMARK [3][-]{subsubsection.6.5.11}{SentenceMapper}{subsection.6.5}% 74
\BOOKMARK [3][-]{subsubsection.6.5.12}{Synonym Mapping Implementation}{subsection.6.5}% 75
\BOOKMARK [2][-]{subsection.6.6}{Role-Playing Game Implementation}{section.6}% 76
\BOOKMARK [3][-]{subsubsection.6.6.1}{GameState}{subsection.6.6}% 77
\BOOKMARK [3][-]{subsubsection.6.6.2}{Battle Mode}{subsection.6.6}% 78
\BOOKMARK [3][-]{subsubsection.6.6.3}{Overworld Mode}{subsection.6.6}% 79
\BOOKMARK [2][-]{subsection.6.7}{Object Properties with WordNet}{section.6}% 80
\BOOKMARK [2][-]{subsection.6.8}{Room Generation Implementation}{section.6}% 81
\BOOKMARK [3][-]{subsubsection.6.8.1}{Rooms}{subsection.6.8}% 82
\BOOKMARK [3][-]{subsubsection.6.8.2}{Manual Room Generation}{subsection.6.8}% 83
\BOOKMARK [3][-]{subsubsection.6.8.3}{Using BooleanSuppliers}{subsection.6.8}% 84
\BOOKMARK [3][-]{subsubsection.6.8.4}{Room Generation Program}{subsection.6.8}% 85
\BOOKMARK [2][-]{subsection.6.9}{Video Conferencing Demo}{section.6}% 86
\BOOKMARK [2][-]{subsection.6.10}{Settings Activity}{section.6}% 87
\BOOKMARK [1][-]{section.7}{Evaluation}{}% 88
\BOOKMARK [2][-]{subsection.7.1}{Mock Testing}{section.7}% 89
\BOOKMARK [2][-]{subsection.7.2}{Evaluation of Semantic Similarity}{section.7}% 90
\BOOKMARK [3][-]{subsubsection.7.2.1}{Combining Similarity Methods}{subsection.7.2}% 91
\BOOKMARK [2][-]{subsection.7.3}{Performance of Semantic Similarity Methods}{section.7}% 92
\BOOKMARK [2][-]{subsection.7.4}{Evaluation of System Features}{section.7}% 93
\BOOKMARK [2][-]{subsection.7.5}{Evaluation of Slot-Filling Grammar}{section.7}% 94
\BOOKMARK [2][-]{subsection.7.6}{Usability of the Voice Recognition System}{section.7}% 95
\BOOKMARK [2][-]{subsection.7.7}{Voice Recognition System Limitations}{section.7}% 96
\BOOKMARK [2][-]{subsection.7.8}{Room Generation Evaluation}{section.7}% 97
\BOOKMARK [1][-]{section.8}{Conclusion}{}% 98
\BOOKMARK [2][-]{subsection.8.1}{Deliverables}{section.8}% 99
\BOOKMARK [2][-]{subsection.8.2}{Contributions}{section.8}% 100
\BOOKMARK [2][-]{subsection.8.3}{Future Work}{section.8}% 101
\BOOKMARK [3][-]{subsubsection.8.3.1}{Language Support}{subsection.8.3}% 102
\BOOKMARK [3][-]{subsubsection.8.3.2}{Deep Learning}{subsection.8.3}% 103
\BOOKMARK [3][-]{subsubsection.8.3.3}{Multi-threading}{subsection.8.3}% 104
\BOOKMARK [3][-]{subsubsection.8.3.4}{Hands-Free UI}{subsection.8.3}% 105
\BOOKMARK [1][-]{Appendix.1.A}{Appendix Android Application Screenshots}{}% 106
\BOOKMARK [2][-]{subsection.1.A.1}{Battle Mode Example}{Appendix.1.A}% 107
\BOOKMARK [2][-]{subsection.1.A.2}{Overworld Mode Example}{Appendix.1.A}% 108
\BOOKMARK [2][-]{subsection.1.A.3}{Multiple Commands Example}{Appendix.1.A}% 109
\BOOKMARK [2][-]{subsection.1.A.4}{Ambiguous Utensil Example}{Appendix.1.A}% 110
\BOOKMARK [2][-]{subsection.1.A.5}{Duplicate Contacts}{Appendix.1.A}% 111
\BOOKMARK [2][-]{subsection.1.A.6}{Settings User Interface}{Appendix.1.A}% 112
\BOOKMARK [1][-]{Appendix.1.B}{Appendix Diagrams and Examples}{}% 113
\BOOKMARK [2][-]{subsection.1.B.1}{System UML Class Diagram}{Appendix.1.B}% 114
\BOOKMARK [2][-]{subsection.1.B.2}{Game Design UML Class Diagram}{Appendix.1.B}% 115
\BOOKMARK [2][-]{subsection.1.B.3}{Battle Mode Example Commands}{Appendix.1.B}% 116
\BOOKMARK [2][-]{subsection.1.B.4}{Overworld Mode Example Commands}{Appendix.1.B}% 117
\BOOKMARK [2][-]{subsection.1.B.5}{Video Conferencing Example Commands}{Appendix.1.B}% 118
\BOOKMARK [2][-]{subsection.1.B.6}{Room Generation Example}{Appendix.1.B}% 119
\BOOKMARK [1][-]{Appendix.1.C}{Appendix Testing and Evaluation}{}% 120
\BOOKMARK [2][-]{subsection.1.C.1}{List of Android Mock Tests}{Appendix.1.C}% 121
\BOOKMARK [3][-]{subsubsection.1.C.1.1}{BattleTest}{subsection.1.C.1}% 122
\BOOKMARK [3][-]{subsubsection.1.C.1.2}{OverworldTest}{subsection.1.C.1}% 123
\BOOKMARK [3][-]{subsubsection.1.C.1.3}{CallTest}{subsection.1.C.1}% 124
\BOOKMARK [2][-]{subsection.1.C.2}{Actions and Contexts used in Evaluation}{Appendix.1.C}% 125
\BOOKMARK [2][-]{subsection.1.C.3}{Evaluation Results for WUP}{Appendix.1.C}% 126
\BOOKMARK [2][-]{subsection.1.C.4}{Comparison of Usability}{Appendix.1.C}% 127
\BOOKMARK [2][-]{subsection.1.C.5}{Other Survey Results}{Appendix.1.C}% 128
\BOOKMARK [2][-]{subsection.1.C.6}{Room Generation Evaluation Results}{Appendix.1.C}% 129
\BOOKMARK [1][-]{Appendix.1.D}{Appendix Supplementary Materials}{}% 130
\BOOKMARK [2][-]{subsection.1.D.1}{Skyrim Kinect Command List}{Appendix.1.D}% 131
\BOOKMARK [2][-]{subsection.1.D.2}{Penn Treebank Tagset}{Appendix.1.D}% 132
\BOOKMARK [2][-]{subsection.1.D.3}{Pseudocode for ProcessInput\(\)}{Appendix.1.D}% 133
\BOOKMARK [1][-]{lstnumber.3.30}{References}{}% 134
